<?xml version="1.0" encoding="UTF-8" ?>
<testsuites errors="0"
            failures="2"
            tests="12">

  <testsuite name="contactUs"
    errors="0" failures="2" hostname="" id="" package="contactUs" skipped="0"
    tests="12" time="222.3" timestamp="">
  
    <testcase name="My Store Title Test" classname="contactUs" time="26.39" assertions="2">

    

    
    </testcase>
  
    <testcase name="Open Contact Us Page" classname="contactUs" time="2.066" assertions="2">

    

    
    </testcase>
  
    <testcase name="Fill in the form with blank subject" classname="contactUs" time="1.759" assertions="2">

    

    
    </testcase>
  
    <testcase name="Fill in the form (customer service) with Valid Data" classname="contactUs" time="1.494" assertions="2">

    

    
    </testcase>
  
    <testcase name="Fill in the form (webmaster) with Valid Data" classname="contactUs" time="1.495" assertions="2">

    

    
    </testcase>
  
    <testcase name="Fill in the form (customer service) with Invalid email address" classname="contactUs" time="1.581" assertions="2">

    

    
    </testcase>
  
    <testcase name="Fill in the form (customer service) with blank message" classname="contactUs" time="1.573" assertions="2">

    

    
    </testcase>
  
    <testcase name="Fill in the form (customer service) with blank email" classname="contactUs" time="6.842" assertions="2">

      <failure message="Testing if element &lt;#center_column .alert&gt; contains text &#39;The email cannot be blank.&#39; in 5000ms - expected &#34;contains text &#39;The email cannot be blank.&#39;&#34; but got: &#34;does not contain &#39;The email cannot be blank.&#39;&#34; (5259ms)">    at Object.Fill in the form (customer service) with blank email (/Users/davidwagih/Documents/siemens-QA-task/Siemens-QA-test-automation/UI/ui_tests/contactUs.ts:113:15)</failure>

    
    </testcase>
  
    <testcase name="Fill in the form (Webmaster) with Invalid email address" classname="contactUs" time="1.591" assertions="2">

    

    
    </testcase>
  
    <testcase name="Fill in the form (Webmaster) with blank message" classname="contactUs" time="1.541" assertions="2">

    

    
    </testcase>
  
    <testcase name="Fill in the form (Webmaster) with blank email" classname="contactUs" time="6.850" assertions="2">

      <failure message="Testing if element &lt;#center_column .alert&gt; contains text &#39;The email cannot be blank.&#39; in 5000ms - expected &#34;contains text &#39;The email cannot be blank.&#39;&#34; but got: &#34;does not contain &#39;The email cannot be blank.&#39;&#34; (5246ms)">    at Object.Fill in the form (Webmaster) with blank email (/Users/davidwagih/Documents/siemens-QA-task/Siemens-QA-test-automation/UI/ui_tests/contactUs.ts:161:15)</failure>

    
    </testcase>
  
    <testcase name="Fill in the form (customer service) with uploading a file" classname="contactUs" time="57.96" assertions="2">

    

    
    </testcase>
  

  

    

  
  </testsuite>
</testsuites>
