<?xml version="1.0" encoding="UTF-8" ?>
<testsuites errors="0"
            failures="2"
            tests="2">

  <testsuite name="dressSearch"
    errors="0" failures="2" hostname="" id="" package="dressSearch" skipped="0"
    tests="2" time="81.27" timestamp="">
  
    <testcase name="My Store Title Test" classname="dressSearch" time="38.77" assertions="2">

    

    
    </testcase>
  
    <testcase name="Search for a dress" classname="dressSearch" time="1.858" assertions="9">

    

    

    

    

    

    

      <failure message="Failed [ok]: (Product name &#34;faded short sleeves t-shirt&#34; contains the word &#34;dress&#34;) - expected &#34;true&#34; but got: &#34;false&#34; (0ms)">    at NightwatchAPI.&lt;anonymous&gt; (/Users/davidwagih/Documents/siemens-QA-task/Siemens-QA-test-automation/UI/ui_tests/dressSearch.ts:36:40)</failure>

      <failure message="Failed [ok]: (Product name &#34;blouse&#34; contains the word &#34;dress&#34;) - expected &#34;true&#34; but got: &#34;false&#34; (0ms)">    at NightwatchAPI.&lt;anonymous&gt; (/Users/davidwagih/Documents/siemens-QA-task/Siemens-QA-test-automation/UI/ui_tests/dressSearch.ts:36:40)</failure>

    
    </testcase>
  

  

    

  
  </testsuite>
</testsuites>
